<?xml version="1.0" encoding="UTF-8"?>
<testrun name="Github_code_downloaded (1)" project="Github_code_downloaded" tests="218" started="218" failures="18" errors="0" ignored="0">
  <testsuite name="com.vodafone360.people.tests.engine.contactsync.DefaultProcessorFactoryTest" time="0.156">
    <testcase name="testUnexpectedProcessorType" classname="com.vodafone360.people.tests.engine.contactsync.DefaultProcessorFactoryTest" time="0.078"/>
    <testcase name="testAndroidTestCaseSetupProperly" classname="com.vodafone360.people.tests.engine.contactsync.DefaultProcessorFactoryTest" time="0.078"/>
  </testsuite>
  <testsuite name="com.vodafone360.people.tests.service.AuthenticatorTest" time="2.17">
    <testcase name="testActionOneAccountOnlyIntent" classname="com.vodafone360.people.tests.service.AuthenticatorTest" time="0.343"/>
    <testcase name="testAddAccount" classname="com.vodafone360.people.tests.service.AuthenticatorTest" time="0.235"/>
    <testcase name="testAuthenticator" classname="com.vodafone360.people.tests.service.AuthenticatorTest" time="0.203"/>
    <testcase name="testConfirmCredentials" classname="com.vodafone360.people.tests.service.AuthenticatorTest" time="0.156"/>
    <testcase name="testEditProperties" classname="com.vodafone360.people.tests.service.AuthenticatorTest" time="0.203"/>
    <testcase name="testGetAuthToken" classname="com.vodafone360.people.tests.service.AuthenticatorTest" time="0.156"/>
    <testcase name="testGetAuthTokenLabel" classname="com.vodafone360.people.tests.service.AuthenticatorTest" time="0.172"/>
    <testcase name="testHasFeatures" classname="com.vodafone360.people.tests.service.AuthenticatorTest" time="0.234"/>
    <testcase name="testUpdateCredentials" classname="com.vodafone360.people.tests.service.AuthenticatorTest" time="0.297"/>
    <testcase name="testAndroidTestCaseSetupProperly" classname="com.vodafone360.people.tests.service.AuthenticatorTest" time="0.171"/>
  </testsuite>
  <testsuite name="com.vodafone360.people.tests.engine.contactsync.ContactSyncUtilsTest" time="0.109">
    <testcase name="testFindIdInOrderedList" classname="com.vodafone360.people.tests.engine.contactsync.ContactSyncUtilsTest" time="0.109"/>
  </testsuite>
  <testsuite name="com.vodafone360.people.tests.service.utils.TimeOutWatcherTest" time="0.265">
    <testcase name="testAddingAndRemovingRequests" classname="com.vodafone360.people.tests.service.utils.TimeOutWatcherTest" time="0.187"/>
    <testcase name="testRequestsAreSorted" classname="com.vodafone360.people.tests.service.utils.TimeOutWatcherTest" time="0.078"/>
  </testsuite>
  <testsuite name="com.vodafone360.people.tests.service.SyncAdapterTest" time="1.219">
    <testcase name="testOnContactSyncStateChange" classname="com.vodafone360.people.tests.service.SyncAdapterTest" time="0.235"/>
    <testcase name="testOnPerformSync" classname="com.vodafone360.people.tests.service.SyncAdapterTest" time="0.312"/>
    <testcase name="testOnProgressEvent" classname="com.vodafone360.people.tests.service.SyncAdapterTest" time="0.203"/>
    <testcase name="testOnSyncComplete" classname="com.vodafone360.people.tests.service.SyncAdapterTest" time="0.219"/>
    <testcase name="testSyncAdapter" classname="com.vodafone360.people.tests.service.SyncAdapterTest" time="0.25"/>
  </testsuite>
  <testsuite name="com.vodafone360.people.tests.database.NowPlusDBHelperThumbnailTest" time="1.905">
    <testcase name="testDBHelperThumbnail" classname="com.vodafone360.people.tests.database.NowPlusDBHelperThumbnailTest" time="1.515"/>
    <testcase name="testApplicationTestCaseSetUpProperly" classname="com.vodafone360.people.tests.database.NowPlusDBHelperThumbnailTest" time="0.125"/>
    <testcase name="testAndroidTestCaseSetupProperly" classname="com.vodafone360.people.tests.database.NowPlusDBHelperThumbnailTest" time="0.265"/>
  </testsuite>
  <testsuite name="com.vodafone360.people.tests.utils.DynamicArrayLongTest" time="0.734">
    <testcase name="testAddArray" classname="com.vodafone360.people.tests.utils.DynamicArrayLongTest" time="0.125"/>
    <testcase name="testAddGetSize" classname="com.vodafone360.people.tests.utils.DynamicArrayLongTest" time="0.078"/>
    <testcase name="testAddGetSizeOverInitialCapacity" classname="com.vodafone360.people.tests.utils.DynamicArrayLongTest" time="0.094"/>
    <testcase name="testConstructorWithInitialCapacity" classname="com.vodafone360.people.tests.utils.DynamicArrayLongTest" time="0.078"/>
    <testcase name="testDefaultContructor" classname="com.vodafone360.people.tests.utils.DynamicArrayLongTest" time="0.125"/>
    <testcase name="testGet" classname="com.vodafone360.people.tests.utils.DynamicArrayLongTest" time="0.109"/>
    <testcase name="testToArray" classname="com.vodafone360.people.tests.utils.DynamicArrayLongTest" time="0.125"/>
  </testsuite>
  <testsuite name="com.vodafone360.people.tests.database.NowPlusChangeLogTest" time="2.295">
    <testcase name="testCreate" classname="com.vodafone360.people.tests.database.NowPlusChangeLogTest" time="0.187"/>
    <testcase name="testServerAddGroupRel" classname="com.vodafone360.people.tests.database.NowPlusChangeLogTest" time="0.25"/>
    <testcase name="testServerDeleteContact" classname="com.vodafone360.people.tests.database.NowPlusChangeLogTest" time="0.453"/>
    <testcase name="testServerDeleteContactDetail" classname="com.vodafone360.people.tests.database.NowPlusChangeLogTest" time="0.656"/>
    <testcase name="testServerDeleteGroupRel" classname="com.vodafone360.people.tests.database.NowPlusChangeLogTest" time="0.406"/>
    <testcase name="testApplicationTestCaseSetUpProperly" classname="com.vodafone360.people.tests.database.NowPlusChangeLogTest" time="0.156"/>
    <testcase name="testAndroidTestCaseSetupProperly" classname="com.vodafone360.people.tests.database.NowPlusChangeLogTest" time="0.187"/>
  </testsuite>
  <testsuite name="com.vodafone360.people.tests.database.NowPlusContactsTest" time="31.201">
    <testcase name="testAddContactToGroup" classname="com.vodafone360.people.tests.database.NowPlusContactsTest" time="2.545"/>
    <testcase name="testAddDeleteContacts" classname="com.vodafone360.people.tests.database.NowPlusContactsTest" time="3.42"/>
    <testcase name="testAddDeleteContactsDetails" classname="com.vodafone360.people.tests.database.NowPlusContactsTest" time="5.59"/>
    <testcase name="testAddModifyContacts" classname="com.vodafone360.people.tests.database.NowPlusContactsTest" time="2.811">
      <failure>junit.framework.AssertionFailedError
at com.vodafone360.people.tests.database.NowPlusContactsTest.testAddModifyContacts(NowPlusContactsTest.java:254)
at java.lang.reflect.Method.invokeNative(Native Method)
at android.test.AndroidTestRunner.runTest(AndroidTestRunner.java:169)
at android.test.AndroidTestRunner.runTest(AndroidTestRunner.java:154)
at android.test.InstrumentationTestRunner.onStart(InstrumentationTestRunner.java:430)
at android.app.Instrumentation$InstrumentationThread.run(Instrumentation.java:1447)

</failure>
    </testcase>
    <testcase name="testFetchContactInfo" classname="com.vodafone360.people.tests.database.NowPlusContactsTest" time="2.749"/>
    <testcase name="testFindNativeContact" classname="com.vodafone360.people.tests.database.NowPlusContactsTest" time="2.186"/>
    <testcase name="testModifyContactServerId" classname="com.vodafone360.people.tests.database.NowPlusContactsTest" time="2.967"/>
    <testcase name="testOnUpgrade" classname="com.vodafone360.people.tests.database.NowPlusContactsTest" time="3.67"/>
    <testcase name="testSyncAddContactDetailList" classname="com.vodafone360.people.tests.database.NowPlusContactsTest" time="1.827"/>
    <testcase name="testSyncSetServerIds" classname="com.vodafone360.people.tests.database.NowPlusContactsTest" time="3.076"/>
    <testcase name="testApplicationTestCaseSetUpProperly" classname="com.vodafone360.people.tests.database.NowPlusContactsTest" time="0.156"/>
    <testcase name="testAndroidTestCaseSetupProperly" classname="com.vodafone360.people.tests.database.NowPlusContactsTest" time="0.079"/>
  </testsuite>
  <testsuite name="com.vodafone360.people.tests.database.NowPlusDBHelperLoginTest" time="8.729">
    <testcase name="testModifyCredentialsAndKey" classname="com.vodafone360.people.tests.database.NowPlusDBHelperLoginTest" time="3.263"/>
    <testcase name="testModifyFetchCredentials" classname="com.vodafone360.people.tests.database.NowPlusDBHelperLoginTest" time="1.906"/>
    <testcase name="testSetFetchOption" classname="com.vodafone360.people.tests.database.NowPlusDBHelperLoginTest" time="3.357"/>
    <testcase name="testApplicationTestCaseSetUpProperly" classname="com.vodafone360.people.tests.database.NowPlusDBHelperLoginTest" time="0.125"/>
    <testcase name="testAndroidTestCaseSetupProperly" classname="com.vodafone360.people.tests.database.NowPlusDBHelperLoginTest" time="0.078"/>
  </testsuite>
  <testsuite name="com.vodafone360.people.tests.service.transport.tcp.conn_less.respreader.ResponseReaderThreadTest" time="0.203">
    <testcase name="testSetInputstream" classname="com.vodafone360.people.tests.service.transport.tcp.conn_less.respreader.ResponseReaderThreadTest" time="0.203"/>
  </testsuite>
  <testsuite name="com.vodafone360.people.tests.database.NowPlusContactDetailsTableTest" time="4.998">
    <testcase name="testAddFetchContactDetail" classname="com.vodafone360.people.tests.database.NowPlusContactDetailsTableTest" time="0.094"/>
    <testcase name="testContactsMatch" classname="com.vodafone360.people.tests.database.NowPlusContactDetailsTableTest" time="0.562"/>
    <testcase name="testCreate" classname="com.vodafone360.people.tests.database.NowPlusContactDetailsTableTest" time="0.078"/>
    <testcase name="testDeleteContactDetail" classname="com.vodafone360.people.tests.database.NowPlusContactDetailsTableTest" time="0.344"/>
    <testcase name="testFetchContactDetailsForNative" classname="com.vodafone360.people.tests.database.NowPlusContactDetailsTableTest" time="0.203"/>
    <testcase name="testFetchContactInfo" classname="com.vodafone360.people.tests.database.NowPlusContactDetailsTableTest" time="0.265"/>
    <testcase name="testFindLocalContactIdByKey" classname="com.vodafone360.people.tests.database.NowPlusContactDetailsTableTest" time="0.297"/>
    <testcase name="testFindNativeContact" classname="com.vodafone360.people.tests.database.NowPlusContactDetailsTableTest" time="0.312"/>
    <testcase name="testModifyContactDetail" classname="com.vodafone360.people.tests.database.NowPlusContactDetailsTableTest" time="0.375"/>
    <testcase name="testSyncNativeContactChanges" classname="com.vodafone360.people.tests.database.NowPlusContactDetailsTableTest" time="0.281"/>
    <testcase name="testSyncServerFetchContactChanges" classname="com.vodafone360.people.tests.database.NowPlusContactDetailsTableTest" time="0.25"/>
    <testcase name="testSyncServerFetchNoOfChanges" classname="com.vodafone360.people.tests.database.NowPlusContactDetailsTableTest" time="0.281"/>
    <testcase name="testSyncSetNativeIds" classname="com.vodafone360.people.tests.database.NowPlusContactDetailsTableTest" time="0.313"/>
    <testcase name="testfetchPreferredDetail" classname="com.vodafone360.people.tests.database.NowPlusContactDetailsTableTest" time="0.343"/>
    <testcase name="testfixPreferredDetail" classname="com.vodafone360.people.tests.database.NowPlusContactDetailsTableTest" time="0.281"/>
    <testcase name="testsyncSetServerIds" classname="com.vodafone360.people.tests.database.NowPlusContactDetailsTableTest" time="0.313"/>
    <testcase name="testApplicationTestCaseSetUpProperly" classname="com.vodafone360.people.tests.database.NowPlusContactDetailsTableTest" time="0.124"/>
    <testcase name="testAndroidTestCaseSetupProperly" classname="com.vodafone360.people.tests.database.NowPlusContactDetailsTableTest" time="0.282"/>
  </testsuite>
  <testsuite name="com.vodafone360.people.tests.service.utils.hessian.HessianDecoderTest" time="0.734">
    <testcase name="testActivityListResponse" classname="com.vodafone360.people.tests.service.utils.hessian.HessianDecoderTest" time="0.125"/>
    <testcase name="testContactListResponse" classname="com.vodafone360.people.tests.service.utils.hessian.HessianDecoderTest" time="0.047"/>
    <testcase name="testErrorResponse" classname="com.vodafone360.people.tests.service.utils.hessian.HessianDecoderTest" time="0.094"/>
    <testcase name="testIdentityListResponse" classname="com.vodafone360.people.tests.service.utils.hessian.HessianDecoderTest" time="0.109"/>
    <testcase name="testPushMessages" classname="com.vodafone360.people.tests.service.utils.hessian.HessianDecoderTest" time="0.078"/>
    <testcase name="testSessionResponse" classname="com.vodafone360.people.tests.service.utils.hessian.HessianDecoderTest" time="0.125"/>
    <testcase name="testUserProfileResponse" classname="com.vodafone360.people.tests.service.utils.hessian.HessianDecoderTest" time="0.078"/>
    <testcase name="testAndroidTestCaseSetupProperly" classname="com.vodafone360.people.tests.service.utils.hessian.HessianDecoderTest" time="0.078"/>
  </testsuite>
  <testsuite name="com.vodafone360.people.tests.service.transport.tcp.conn_less.hb_tests.HeartbeatSenderThreadTest" time="0.687">
    <testcase name="testSendHeartbeat_exception" classname="com.vodafone360.people.tests.service.transport.tcp.conn_less.hb_tests.HeartbeatSenderThreadTest" time="0.203"/>
    <testcase name="testSendHeartbeat_valid" classname="com.vodafone360.people.tests.service.transport.tcp.conn_less.hb_tests.HeartbeatSenderThreadTest" time="0.234"/>
    <testcase name="testSetOutputStream" classname="com.vodafone360.people.tests.service.transport.tcp.conn_less.hb_tests.HeartbeatSenderThreadTest" time="0.25"/>
  </testsuite>
  <testsuite name="com.vodafone360.people.tests.engine.CommentsEngineTest" time="0.218">
    <testcase name="testGetNextRuntime" classname="com.vodafone360.people.tests.engine.CommentsEngineTest" time="0.218"/>
  </testsuite>
  <testsuite name="com.vodafone360.people.tests.database.NowPlusContactSummaryTest" time="5.606">
    <testcase name="testAddingContactDetails" classname="com.vodafone360.people.tests.database.NowPlusContactSummaryTest" time="0.093"/>
    <testcase name="testAddingContactSummary" classname="com.vodafone360.people.tests.database.NowPlusContactSummaryTest" time="0.281"/>
    <testcase name="testContactSummaryTableCreation" classname="com.vodafone360.people.tests.database.NowPlusContactSummaryTest" time="0.078"/>
    <testcase name="testDeletingContactDetails" classname="com.vodafone360.people.tests.database.NowPlusContactSummaryTest" time="0.25"/>
    <testcase name="testFetchingContactSummary" classname="com.vodafone360.people.tests.database.NowPlusContactSummaryTest" time="0.203"/>
    <testcase name="testFetchingNativeContactIDs" classname="com.vodafone360.people.tests.database.NowPlusContactSummaryTest" time="3.233"/>
    <testcase name="testModifyingContactDetails" classname="com.vodafone360.people.tests.database.NowPlusContactSummaryTest" time="0.265"/>
    <testcase name="testModifyingingContactSummary" classname="com.vodafone360.people.tests.database.NowPlusContactSummaryTest" time="0.203"/>
    <testcase name="testRemovingContactSummary" classname="com.vodafone360.people.tests.database.NowPlusContactSummaryTest" time="0.266"/>
    <testcase name="testSetAllUsersOffline" classname="com.vodafone360.people.tests.database.NowPlusContactSummaryTest" time="0.296"/>
    <testcase name="testUpdateOnlineStatus" classname="com.vodafone360.people.tests.database.NowPlusContactSummaryTest" time="0.157"/>
    <testcase name="testApplicationTestCaseSetUpProperly" classname="com.vodafone360.people.tests.database.NowPlusContactSummaryTest" time="0.125"/>
    <testcase name="testAndroidTestCaseSetupProperly" classname="com.vodafone360.people.tests.database.NowPlusContactSummaryTest" time="0.156"/>
  </testsuite>
  <testsuite name="com.vodafone360.people.tests.engine.IdentityEngineTest" time="0.125">
    <testcase name="testGetNextRuntime" classname="com.vodafone360.people.tests.engine.IdentityEngineTest" time="0.125"/>
  </testsuite>
  <testsuite name="com.vodafone360.people.tests.engine.LocationEngineTest" time="0.078">
    <testcase name="testGetNextRuntime" classname="com.vodafone360.people.tests.engine.LocationEngineTest" time="0.078">
      <failure>junit.framework.AssertionFailedError: testGetNextRuntime() failed
at com.vodafone360.people.tests.engine.LocationEngineTest.testGetNextRuntime(LocationEngineTest.java:102)
at java.lang.reflect.Method.invokeNative(Native Method)
at android.test.InstrumentationTestCase.runMethod(InstrumentationTestCase.java:205)
at android.test.InstrumentationTestCase.runTest(InstrumentationTestCase.java:195)
at android.test.AndroidTestRunner.runTest(AndroidTestRunner.java:169)
at android.test.AndroidTestRunner.runTest(AndroidTestRunner.java:154)
at android.test.InstrumentationTestRunner.onStart(InstrumentationTestRunner.java:430)
at android.app.Instrumentation$InstrumentationThread.run(Instrumentation.java:1447)

</failure>
    </testcase>
  </testsuite>
  <testsuite name="com.vodafone360.people.tests.engine.UpgradeEngineTest" time="0.578">
    <testcase name="testAddingUiRequest" classname="com.vodafone360.people.tests.engine.UpgradeEngineTest" time="0.125"/>
    <testcase name="testInitialStatesWithConnection" classname="com.vodafone360.people.tests.engine.UpgradeEngineTest" time="0.078"/>
    <testcase name="testInitialStatesWithoutConnection" classname="com.vodafone360.people.tests.engine.UpgradeEngineTest" time="0.125"/>
    <testcase name="testNextRuntime" classname="com.vodafone360.people.tests.engine.UpgradeEngineTest" time="0.078"/>
    <testcase name="testOneRun" classname="com.vodafone360.people.tests.engine.UpgradeEngineTest" time="0.109"/>
    <testcase name="testAndroidTestCaseSetupProperly" classname="com.vodafone360.people.tests.engine.UpgradeEngineTest" time="0.063"/>
  </testsuite>
  <testsuite name="com.vodafone360.people.tests.engine.ActivitiesEngineTest" time="1.171">
    <testcase name="testGetNextRuntime" classname="com.vodafone360.people.tests.engine.ActivitiesEngineTest" time="0.312"/>
    <testcase name="testOnCreate" classname="com.vodafone360.people.tests.engine.ActivitiesEngineTest" time="0.328"/>
    <testcase name="testOnDestroy" classname="com.vodafone360.people.tests.engine.ActivitiesEngineTest" time="0.328"/>
    <testcase name="testOnSyncComplete" classname="com.vodafone360.people.tests.engine.ActivitiesEngineTest" time="0.203"/>
  </testsuite>
  <testsuite name="com.vodafone360.people.tests.utils.ThumbnailUtilsTest" time="0.734">
    <testcase name="testCopyAndCompressBitmap" classname="com.vodafone360.people.tests.utils.ThumbnailUtilsTest" time="0.125"/>
    <testcase name="testSaveExternalResponseObjectToFile" classname="com.vodafone360.people.tests.utils.ThumbnailUtilsTest" time="0.094"/>
    <testcase name="testThumbnailFileToWrite" classname="com.vodafone360.people.tests.utils.ThumbnailUtilsTest" time="0.078"/>
    <testcase name="testThumbnailFromFile" classname="com.vodafone360.people.tests.utils.ThumbnailUtilsTest" time="0.109"/>
    <testcase name="testThumbnailPath" classname="com.vodafone360.people.tests.utils.ThumbnailUtilsTest" time="0.094"/>
    <testcase name="testAndroidTestCaseSetupProperly" classname="com.vodafone360.people.tests.utils.ThumbnailUtilsTest" time="0.234"/>
  </testsuite>
  <testsuite name="com.vodafone360.people.tests.database.NowPlusStateTableTest" time="3.498">
    <testcase name="testContactRevision" classname="com.vodafone360.people.tests.database.NowPlusStateTableTest" time="0.297"/>
    <testcase name="testCreate" classname="com.vodafone360.people.tests.database.NowPlusStateTableTest" time="0.156"/>
    <testcase name="testLastStatusUpdate" classname="com.vodafone360.people.tests.database.NowPlusStateTableTest" time="0.281"/>
    <testcase name="testLastTimelineUpdate" classname="com.vodafone360.people.tests.database.NowPlusStateTableTest" time="0.25"/>
    <testcase name="testMeProfileChangeFlag" classname="com.vodafone360.people.tests.database.NowPlusStateTableTest" time="0.281"/>
    <testcase name="testMeProfileId" classname="com.vodafone360.people.tests.database.NowPlusStateTableTest" time="0.312"/>
    <testcase name="testModifyCredentials" classname="com.vodafone360.people.tests.database.NowPlusStateTableTest" time="0.407"/>
    <testcase name="testModifyCredentialsAndKey" classname="com.vodafone360.people.tests.database.NowPlusStateTableTest" time="0.249"/>
    <testcase name="testRegistrationComplete" classname="com.vodafone360.people.tests.database.NowPlusStateTableTest" time="0.297"/>
    <testcase name="testSetFetchOption" classname="com.vodafone360.people.tests.database.NowPlusStateTableTest" time="0.328"/>
    <testcase name="testSetFetchSession" classname="com.vodafone360.people.tests.database.NowPlusStateTableTest" time="0.265"/>
    <testcase name="testApplicationTestCaseSetUpProperly" classname="com.vodafone360.people.tests.database.NowPlusStateTableTest" time="0.125"/>
    <testcase name="testAndroidTestCaseSetupProperly" classname="com.vodafone360.people.tests.database.NowPlusStateTableTest" time="0.25"/>
  </testsuite>
  <testsuite name="com.vodafone360.people.tests.database.NowPlusActivitiesTest" time="2.171">
    <testcase name="test1" classname="com.vodafone360.people.tests.database.NowPlusActivitiesTest" time="1.718"/>
    <testcase name="testApplicationTestCaseSetUpProperly" classname="com.vodafone360.people.tests.database.NowPlusActivitiesTest" time="0.234"/>
    <testcase name="testAndroidTestCaseSetupProperly" classname="com.vodafone360.people.tests.database.NowPlusActivitiesTest" time="0.219"/>
  </testsuite>
  <testsuite name="com.vodafone360.people.tests.database.NowPlusNativeChangeTableTest" time="1.343">
    <testcase name="testCreate" classname="com.vodafone360.people.tests.database.NowPlusNativeChangeTableTest" time="0.172"/>
    <testcase name="testServerDeleteContact" classname="com.vodafone360.people.tests.database.NowPlusNativeChangeTableTest" time="0.328"/>
    <testcase name="testServerDeleteContactDetail" classname="com.vodafone360.people.tests.database.NowPlusNativeChangeTableTest" time="0.64"/>
    <testcase name="testApplicationTestCaseSetUpProperly" classname="com.vodafone360.people.tests.database.NowPlusNativeChangeTableTest" time="0.125"/>
    <testcase name="testAndroidTestCaseSetupProperly" classname="com.vodafone360.people.tests.database.NowPlusNativeChangeTableTest" time="0.078"/>
  </testsuite>
  <testsuite name="com.vodafone360.people.tests.engine.ShareEngineTest" time="0.094">
    <testcase name="testGetNextRuntime" classname="com.vodafone360.people.tests.engine.ShareEngineTest" time="0.094"/>
  </testsuite>
  <testsuite name="com.vodafone360.people.tests.engine.contactsync.PeopleContactsApiTest" time="6.481">
    <testcase name="testAddDeleteNativeContact" classname="com.vodafone360.people.tests.engine.contactsync.PeopleContactsApiTest" time="0.64"/>
    <testcase name="testAddNativeContact" classname="com.vodafone360.people.tests.engine.contactsync.PeopleContactsApiTest" time="0.531"/>
    <testcase name="testConstructor" classname="com.vodafone360.people.tests.engine.contactsync.PeopleContactsApiTest" time="0.235"/>
    <testcase name="testDeleteNativeContact" classname="com.vodafone360.people.tests.engine.contactsync.PeopleContactsApiTest" time="0.249"/>
    <testcase name="testGetContact" classname="com.vodafone360.people.tests.engine.contactsync.PeopleContactsApiTest" time="0.235"/>
    <testcase name="testGetNativeContactsIds" classname="com.vodafone360.people.tests.engine.contactsync.PeopleContactsApiTest" time="0.296"/>
    <testcase name="testGetNativeContactsIdsMerge" classname="com.vodafone360.people.tests.engine.contactsync.PeopleContactsApiTest" time="3.217"/>
    <testcase name="testUpdateGetNativeContactWithDelete" classname="com.vodafone360.people.tests.engine.contactsync.PeopleContactsApiTest" time="0.89"/>
    <testcase name="testAndroidTestCaseSetupProperly" classname="com.vodafone360.people.tests.engine.contactsync.PeopleContactsApiTest" time="0.188"/>
  </testsuite>
  <testsuite name="com.vodafone360.people.tests.database.NowPlusContactsTableTest" time="5.294">
    <testcase name="testAddFetchContact" classname="com.vodafone360.people.tests.database.NowPlusContactsTableTest" time="0.328"/>
    <testcase name="testCreate" classname="com.vodafone360.people.tests.database.NowPlusContactsTableTest" time="0.171"/>
    <testcase name="testDeleteContact" classname="com.vodafone360.people.tests.database.NowPlusContactsTableTest" time="0.313"/>
    <testcase name="testFetchContactFormNativeId" classname="com.vodafone360.people.tests.database.NowPlusContactsTableTest" time="0.203"/>
    <testcase name="testModifyContact" classname="com.vodafone360.people.tests.database.NowPlusContactsTableTest" time="0.281"/>
    <testcase name="testServerSyncMethods" classname="com.vodafone360.people.tests.database.NowPlusContactsTableTest" time="1.343"/>
    <testcase name="testSyncSetNativeIds" classname="com.vodafone360.people.tests.database.NowPlusContactsTableTest" time="2.124"/>
    <testcase name="testValidateContactId" classname="com.vodafone360.people.tests.database.NowPlusContactsTableTest" time="0.281"/>
    <testcase name="testApplicationTestCaseSetUpProperly" classname="com.vodafone360.people.tests.database.NowPlusContactsTableTest" time="0.078"/>
    <testcase name="testAndroidTestCaseSetupProperly" classname="com.vodafone360.people.tests.database.NowPlusContactsTableTest" time="0.172"/>
  </testsuite>
  <testsuite name="com.vodafone360.people.tests.datatypes.NowPlusDatatypesTests" time="6.7">
    <testcase name="testActivityContact" classname="com.vodafone360.people.tests.datatypes.NowPlusDatatypesTests" time="0.235"/>
    <testcase name="testAlbum" classname="com.vodafone360.people.tests.datatypes.NowPlusDatatypesTests" time="0.171">
      <failure>junit.framework.ComparisonFailure: expected:&lt;...3dd5...&gt; but was:&lt;...916b...&gt;
at com.vodafone360.people.tests.datatypes.NowPlusDatatypesTests.testAlbum(NowPlusDatatypesTests.java:608)
at java.lang.reflect.Method.invokeNative(Native Method)
at android.test.AndroidTestRunner.runTest(AndroidTestRunner.java:169)
at android.test.AndroidTestRunner.runTest(AndroidTestRunner.java:154)
at android.test.InstrumentationTestRunner.onStart(InstrumentationTestRunner.java:430)
at android.app.Instrumentation$InstrumentationThread.run(Instrumentation.java:1447)

</failure>
    </testcase>
    <testcase name="testAlbumListResponse" classname="com.vodafone360.people.tests.datatypes.NowPlusDatatypesTests" time="0.156">
      <failure>junit.framework.ComparisonFailure: expected:&lt;...40c0&gt; but was:&lt;...3e88&gt;
at com.vodafone360.people.tests.datatypes.NowPlusDatatypesTests.testAlbumListResponse(NowPlusDatatypesTests.java:661)
at java.lang.reflect.Method.invokeNative(Native Method)
at android.test.AndroidTestRunner.runTest(AndroidTestRunner.java:169)
at android.test.AndroidTestRunner.runTest(AndroidTestRunner.java:154)
at android.test.InstrumentationTestRunner.onStart(InstrumentationTestRunner.java:430)
at android.app.Instrumentation$InstrumentationThread.run(Instrumentation.java:1447)

</failure>
    </testcase>
    <testcase name="testAlbumResponse" classname="com.vodafone360.people.tests.datatypes.NowPlusDatatypesTests" time="0.11">
      <failure>junit.framework.ComparisonFailure: expected:&lt;...42bc0&gt; but was:&lt;...3f648&gt;
at com.vodafone360.people.tests.datatypes.NowPlusDatatypesTests.testAlbumResponse(NowPlusDatatypesTests.java:692)
at java.lang.reflect.Method.invokeNative(Native Method)
at android.test.AndroidTestRunner.runTest(AndroidTestRunner.java:169)
at android.test.AndroidTestRunner.runTest(AndroidTestRunner.java:154)
at android.test.InstrumentationTestRunner.onStart(InstrumentationTestRunner.java:430)
at android.app.Instrumentation$InstrumentationThread.run(Instrumentation.java:1447)

</failure>
    </testcase>
    <testcase name="testComment" classname="com.vodafone360.people.tests.datatypes.NowPlusDatatypesTests" time="0.171"/>
    <testcase name="testCommentsListResponse" classname="com.vodafone360.people.tests.datatypes.NowPlusDatatypesTests" time="0.047">
      <failure>junit.framework.AssertionFailedError: expected:&lt;[]&gt; but was:&lt;[com.vodafone360.people.datatypes.Comment@43cc2dd8]&gt;
at com.vodafone360.people.tests.datatypes.NowPlusDatatypesTests.testCommentsListResponse(NowPlusDatatypesTests.java:542)
at java.lang.reflect.Method.invokeNative(Native Method)
at android.test.AndroidTestRunner.runTest(AndroidTestRunner.java:169)
at android.test.AndroidTestRunner.runTest(AndroidTestRunner.java:154)
at android.test.InstrumentationTestRunner.onStart(InstrumentationTestRunner.java:430)
at android.app.Instrumentation$InstrumentationThread.run(Instrumentation.java:1447)

</failure>
    </testcase>
    <testcase name="testContactChanges" classname="com.vodafone360.people.tests.datatypes.NowPlusDatatypesTests" time="0.172"/>
    <testcase name="testContactDetailDeletion" classname="com.vodafone360.people.tests.datatypes.NowPlusDatatypesTests" time="0.156"/>
    <testcase name="testContactListResponse" classname="com.vodafone360.people.tests.datatypes.NowPlusDatatypesTests" time="0.235"/>
    <testcase name="testContent" classname="com.vodafone360.people.tests.datatypes.NowPlusDatatypesTests" time="0.093">
      <failure>junit.framework.ComparisonFailure: expected:&lt;...4c708&gt; but was:&lt;...12af0&gt;
at com.vodafone360.people.tests.datatypes.NowPlusDatatypesTests.testContent(NowPlusDatatypesTests.java:743)
at java.lang.reflect.Method.invokeNative(Native Method)
at android.test.AndroidTestRunner.runTest(AndroidTestRunner.java:169)
at android.test.AndroidTestRunner.runTest(AndroidTestRunner.java:154)
at android.test.InstrumentationTestRunner.onStart(InstrumentationTestRunner.java:430)
at android.app.Instrumentation$InstrumentationThread.run(Instrumentation.java:1447)

</failure>
    </testcase>
    <testcase name="testContentListResponse" classname="com.vodafone360.people.tests.datatypes.NowPlusDatatypesTests" time="0.156">
      <failure>junit.framework.ComparisonFailure: expected:&lt;...ca2...&gt; but was:&lt;...824...&gt;
at com.vodafone360.people.tests.datatypes.NowPlusDatatypesTests.testContentListResponse(NowPlusDatatypesTests.java:780)
at java.lang.reflect.Method.invokeNative(Native Method)
at android.test.AndroidTestRunner.runTest(AndroidTestRunner.java:169)
at android.test.AndroidTestRunner.runTest(AndroidTestRunner.java:154)
at android.test.InstrumentationTestRunner.onStart(InstrumentationTestRunner.java:430)
at android.app.Instrumentation$InstrumentationThread.run(Instrumentation.java:1447)

</failure>
    </testcase>
    <testcase name="testContentResponse" classname="com.vodafone360.people.tests.datatypes.NowPlusDatatypesTests" time="0.109">
      <failure>junit.framework.ComparisonFailure: expected:&lt;...80f30&gt; but was:&lt;...92bb8&gt;
at com.vodafone360.people.tests.datatypes.NowPlusDatatypesTests.testContentResponse(NowPlusDatatypesTests.java:815)
at java.lang.reflect.Method.invokeNative(Native Method)
at android.test.AndroidTestRunner.runTest(AndroidTestRunner.java:169)
at android.test.AndroidTestRunner.runTest(AndroidTestRunner.java:154)
at android.test.InstrumentationTestRunner.onStart(InstrumentationTestRunner.java:430)
at android.app.Instrumentation$InstrumentationThread.run(Instrumentation.java:1447)

</failure>
    </testcase>
    <testcase name="testCreatePushEvent" classname="com.vodafone360.people.tests.datatypes.NowPlusDatatypesTests" time="0.266"/>
    <testcase name="testEntityKey" classname="com.vodafone360.people.tests.datatypes.NowPlusDatatypesTests" time="0.062">
      <failure>junit.framework.ComparisonFailure: expected:&lt;...588&gt; but was:&lt;...730&gt;
at com.vodafone360.people.tests.datatypes.NowPlusDatatypesTests.testEntityKey(NowPlusDatatypesTests.java:568)
at java.lang.reflect.Method.invokeNative(Native Method)
at android.test.AndroidTestRunner.runTest(AndroidTestRunner.java:169)
at android.test.AndroidTestRunner.runTest(AndroidTestRunner.java:154)
at android.test.InstrumentationTestRunner.onStart(InstrumentationTestRunner.java:430)
at android.app.Instrumentation$InstrumentationThread.run(Instrumentation.java:1447)

</failure>
    </testcase>
    <testcase name="testGroup" classname="com.vodafone360.people.tests.datatypes.NowPlusDatatypesTests" time="0.124">
      <failure>junit.framework.ComparisonFailure: expected:&lt;...b8ee0&gt; but was:&lt;...862c8&gt;
at com.vodafone360.people.tests.datatypes.NowPlusDatatypesTests.testGroup(NowPlusDatatypesTests.java:1039)
at java.lang.reflect.Method.invokeNative(Native Method)
at android.test.AndroidTestRunner.runTest(AndroidTestRunner.java:169)
at android.test.AndroidTestRunner.runTest(AndroidTestRunner.java:154)
at android.test.InstrumentationTestRunner.onStart(InstrumentationTestRunner.java:430)
at android.app.Instrumentation$InstrumentationThread.run(Instrumentation.java:1447)

</failure>
    </testcase>
    <testcase name="testGroupItem" classname="com.vodafone360.people.tests.datatypes.NowPlusDatatypesTests" time="0.188"/>
    <testcase name="testIdentity" classname="com.vodafone360.people.tests.datatypes.NowPlusDatatypesTests" time="0.218"/>
    <testcase name="testIdentityCapability" classname="com.vodafone360.people.tests.datatypes.NowPlusDatatypesTests" time="0.235"/>
    <testcase name="testItemList" classname="com.vodafone360.people.tests.datatypes.NowPlusDatatypesTests" time="0.249"/>
    <testcase name="testListofLong" classname="com.vodafone360.people.tests.datatypes.NowPlusDatatypesTests" time="0.125">
      <failure>junit.framework.AssertionFailedError: expected:&lt;40&gt; but was:&lt;0&gt;
at com.vodafone360.people.tests.datatypes.NowPlusDatatypesTests.testListofLong(NowPlusDatatypesTests.java:1068)
at java.lang.reflect.Method.invokeNative(Native Method)
at android.test.AndroidTestRunner.runTest(AndroidTestRunner.java:169)
at android.test.AndroidTestRunner.runTest(AndroidTestRunner.java:154)
at android.test.InstrumentationTestRunner.onStart(InstrumentationTestRunner.java:430)
at android.app.Instrumentation$InstrumentationThread.run(Instrumentation.java:1447)

</failure>
    </testcase>
    <testcase name="testLocationNudgeResult" classname="com.vodafone360.people.tests.datatypes.NowPlusDatatypesTests" time="0.062">
      <failure>junit.framework.ComparisonFailure: expected:&lt;...d4...&gt; but was:&lt;...e3...&gt;
at com.vodafone360.people.tests.datatypes.NowPlusDatatypesTests.testLocationNudgeResult(NowPlusDatatypesTests.java:914)
at java.lang.reflect.Method.invokeNative(Native Method)
at android.test.AndroidTestRunner.runTest(AndroidTestRunner.java:169)
at android.test.AndroidTestRunner.runTest(AndroidTestRunner.java:154)
at android.test.InstrumentationTestRunner.onStart(InstrumentationTestRunner.java:430)
at android.app.Instrumentation$InstrumentationThread.run(Instrumentation.java:1447)

</failure>
    </testcase>
    <testcase name="testPrivacySetting" classname="com.vodafone360.people.tests.datatypes.NowPlusDatatypesTests" time="0.125">
      <failure>junit.framework.ComparisonFailure: expected:&lt;...4ec...&gt; but was:&lt;...506...&gt;
at com.vodafone360.people.tests.datatypes.NowPlusDatatypesTests.testPrivacySetting(NowPlusDatatypesTests.java:940)
at java.lang.reflect.Method.invokeNative(Native Method)
at android.test.AndroidTestRunner.runTest(AndroidTestRunner.java:169)
at android.test.AndroidTestRunner.runTest(AndroidTestRunner.java:154)
at android.test.InstrumentationTestRunner.onStart(InstrumentationTestRunner.java:430)
at android.app.Instrumentation$InstrumentationThread.run(Instrumentation.java:1447)

</failure>
    </testcase>
    <testcase name="testPrivacySettingList" classname="com.vodafone360.people.tests.datatypes.NowPlusDatatypesTests" time="0.093">
      <failure>junit.framework.ComparisonFailure: expected:&lt;...null)
com.vodafone360.people.datatypes.PrivacySetting@43c4fbd8&gt; but was:&lt;...0)&gt;
at com.vodafone360.people.tests.datatypes.NowPlusDatatypesTests.testPrivacySettingList(NowPlusDatatypesTests.java:971)
at java.lang.reflect.Method.invokeNative(Native Method)
at android.test.AndroidTestRunner.runTest(AndroidTestRunner.java:169)
at android.test.AndroidTestRunner.runTest(AndroidTestRunner.java:154)
at android.test.InstrumentationTestRunner.onStart(InstrumentationTestRunner.java:430)
at android.app.Instrumentation$InstrumentationThread.run(Instrumentation.java:1447)

</failure>
    </testcase>
    <testcase name="testPublicKeyDetails" classname="com.vodafone360.people.tests.datatypes.NowPlusDatatypesTests" time="0.281"/>
    <testcase name="testStatusMsg" classname="com.vodafone360.people.tests.datatypes.NowPlusDatatypesTests" time="0.14"/>
    <testcase name="testTag" classname="com.vodafone360.people.tests.datatypes.NowPlusDatatypesTests" time="0.203">
      <failure>junit.framework.ComparisonFailure: expected:&lt;...1a87...&gt; but was:&lt;...3cc0...&gt;
at com.vodafone360.people.tests.datatypes.NowPlusDatatypesTests.testTag(NowPlusDatatypesTests.java:848)
at java.lang.reflect.Method.invokeNative(Native Method)
at android.test.AndroidTestRunner.runTest(AndroidTestRunner.java:169)
at android.test.AndroidTestRunner.runTest(AndroidTestRunner.java:154)
at android.test.InstrumentationTestRunner.onStart(InstrumentationTestRunner.java:430)
at android.app.Instrumentation$InstrumentationThread.run(Instrumentation.java:1447)

</failure>
    </testcase>
    <testcase name="testUserProfile" classname="com.vodafone360.people.tests.datatypes.NowPlusDatatypesTests" time="0.203"/>
    <testcase name="testAndroidTestCaseSetupProperly" classname="com.vodafone360.people.tests.datatypes.NowPlusDatatypesTests" time="0.203"/>
  </testsuite>
  <testsuite name="com.vodafone360.people.tests.engine.ContentsEngineTest" time="0.266">
    <testcase name="testGetNextRuntime" classname="com.vodafone360.people.tests.engine.ContentsEngineTest" time="0.266"/>
  </testsuite>
  <testsuite name="com.vodafone360.people.tests.engine.contactsync.ContactChangeTest" time="0.203">
    <testcase name="testConstructors" classname="com.vodafone360.people.tests.engine.contactsync.ContactChangeTest" time="0.109"/>
    <testcase name="testSettersAndGetters" classname="com.vodafone360.people.tests.engine.contactsync.ContactChangeTest" time="0.094"/>
  </testsuite>
  <testsuite name="com.vodafone360.people.tests.database.ContactSourceTableTest" time="1.608">
    <testcase name="testCreateContactSourceTable" classname="com.vodafone360.people.tests.database.ContactSourceTableTest" time="0.421"/>
    <testcase name="testTable" classname="com.vodafone360.people.tests.database.ContactSourceTableTest" time="0.891"/>
    <testcase name="testApplicationTestCaseSetUpProperly" classname="com.vodafone360.people.tests.database.ContactSourceTableTest" time="0.14"/>
    <testcase name="testAndroidTestCaseSetupProperly" classname="com.vodafone360.people.tests.database.ContactSourceTableTest" time="0.156"/>
  </testsuite>
  <testsuite name="com.vodafone360.people.tests.engine.SyncMeEngineTest" time="0.078">
    <testcase name="testOnCreate" classname="com.vodafone360.people.tests.engine.SyncMeEngineTest" time="0.078"/>
  </testsuite>
  <testsuite name="com.vodafone360.people.tests.engine.contactsync.NativeContactsApiTest" time="9.557">
    <testcase name="testAccountDataType" classname="com.vodafone360.people.tests.engine.contactsync.NativeContactsApiTest" time="0.078"/>
    <testcase name="testAddGetRemoveContacts" classname="com.vodafone360.people.tests.engine.contactsync.NativeContactsApiTest" time="8.464">
      <failure>junit.framework.AssertionFailedError
at com.vodafone360.people.tests.engine.contactsync.NativeContactsApiTest.testAddGetRemoveContacts(NativeContactsApiTest.java:499)
at java.lang.reflect.Method.invokeNative(Native Method)
at android.test.InstrumentationTestCase.runMethod(InstrumentationTestCase.java:205)
at android.test.InstrumentationTestCase.runTest(InstrumentationTestCase.java:195)
at android.test.AndroidTestRunner.runTest(AndroidTestRunner.java:169)
at android.test.AndroidTestRunner.runTest(AndroidTestRunner.java:154)
at android.test.InstrumentationTestRunner.onStart(InstrumentationTestRunner.java:430)
at android.app.Instrumentation$InstrumentationThread.run(Instrumentation.java:1447)

</failure>
    </testcase>
    <testcase name="testInstance" classname="com.vodafone360.people.tests.engine.contactsync.NativeContactsApiTest" time="0.609"/>
    <testcase name="testIsKeySupported" classname="com.vodafone360.people.tests.engine.contactsync.NativeContactsApiTest" time="0.343"/>
  </testsuite>
  <testsuite name="com.vodafone360.people.tests.engine.GroupsEngineTest" time="0.234">
    <testcase name="testGetNextRuntime" classname="com.vodafone360.people.tests.engine.GroupsEngineTest" time="0.234"/>
  </testsuite>
  <testsuite name="com.vodafone360.people.tests.database.NowPlusDBHelperActivitiesTest" time="6.949">
    <testcase name="testAddActivity" classname="com.vodafone360.people.tests.database.NowPlusDBHelperActivitiesTest" time="2.686"/>
    <testcase name="testFetchActivityIds" classname="com.vodafone360.people.tests.database.NowPlusDBHelperActivitiesTest" time="2.639">
      <failure>junit.framework.AssertionFailedError: expected:&lt;0&gt; but was:&lt;25&gt;
at com.vodafone360.people.tests.database.NowPlusDBHelperActivitiesTest.compareActivityIds(NowPlusDBHelperActivitiesTest.java:236)
at com.vodafone360.people.tests.database.NowPlusDBHelperActivitiesTest.testFetchActivityIds(NowPlusDBHelperActivitiesTest.java:169)
at java.lang.reflect.Method.invokeNative(Native Method)
at android.test.AndroidTestRunner.runTest(AndroidTestRunner.java:169)
at android.test.AndroidTestRunner.runTest(AndroidTestRunner.java:154)
at android.test.InstrumentationTestRunner.onStart(InstrumentationTestRunner.java:430)
at android.app.Instrumentation$InstrumentationThread.run(Instrumentation.java:1447)

</failure>
    </testcase>
    <testcase name="testRemoveAllRecords" classname="com.vodafone360.people.tests.database.NowPlusDBHelperActivitiesTest" time="1.093"/>
    <testcase name="testApplicationTestCaseSetUpProperly" classname="com.vodafone360.people.tests.database.NowPlusDBHelperActivitiesTest" time="0.25"/>
    <testcase name="testAndroidTestCaseSetupProperly" classname="com.vodafone360.people.tests.database.NowPlusDBHelperActivitiesTest" time="0.156"/>
  </testsuite>
  <testsuite name="com.vodafone360.people.tests.database.GroupsTableTest" time="0.984">
    <testcase name="testAddingFetchingDeletingGroups" classname="com.vodafone360.people.tests.database.GroupsTableTest" time="0.406"/>
    <testcase name="testCreateGroupsTable" classname="com.vodafone360.people.tests.database.GroupsTableTest" time="0.156"/>
    <testcase name="testErrorHandling" classname="com.vodafone360.people.tests.database.GroupsTableTest" time="0.172"/>
    <testcase name="testApplicationTestCaseSetUpProperly" classname="com.vodafone360.people.tests.database.GroupsTableTest" time="0.125"/>
    <testcase name="testAndroidTestCaseSetupProperly" classname="com.vodafone360.people.tests.database.GroupsTableTest" time="0.125"/>
  </testsuite>
  <testsuite name="com.vodafone360.people.tests.database.NowPlusActivitiesTableTest" time="18.099">
    <testcase name="testAddActivities" classname="com.vodafone360.people.tests.database.NowPlusActivitiesTableTest" time="0.89"/>
    <testcase name="testCreateTable" classname="com.vodafone360.people.tests.database.NowPlusActivitiesTableTest" time="0.172"/>
    <testcase name="testDeleteActivities" classname="com.vodafone360.people.tests.database.NowPlusActivitiesTableTest" time="0.812"/>
    <testcase name="testFetchActivitiesIdsFromEmptyTable" classname="com.vodafone360.people.tests.database.NowPlusActivitiesTableTest" time="0.281"/>
    <testcase name="testFetchStatusEventList" classname="com.vodafone360.people.tests.database.NowPlusActivitiesTableTest" time="0.922"/>
    <testcase name="testFetchTimelineEventList" classname="com.vodafone360.people.tests.database.NowPlusActivitiesTableTest" time="0.171"/>
    <testcase name="testFetchTimelineEventsForContact" classname="com.vodafone360.people.tests.database.NowPlusActivitiesTableTest" time="7.59"/>
    <testcase name="testUpdateTimelineContactNameAndId5" classname="com.vodafone360.people.tests.database.NowPlusActivitiesTableTest" time="6.871"/>
    <testcase name="testApplicationTestCaseSetUpProperly" classname="com.vodafone360.people.tests.database.NowPlusActivitiesTableTest" time="0.203"/>
    <testcase name="testAndroidTestCaseSetupProperly" classname="com.vodafone360.people.tests.database.NowPlusActivitiesTableTest" time="0.187"/>
  </testsuite>
</testrun>
